The system is: Darwin - 13.4.0 - x86_64
Compiling the C compiler identification source file "CMakeCCompilerId.c" succeeded.
Compiler: /usr/bin/cc 
Build flags: 
Id flags: 

The output was:
0


Compilation of the C compiler identification source "CMakeCCompilerId.c" produced "a.out"

The C compiler identification is AppleClang, found in "/Users/Kevin/Desktop/Deal/Different Solver/CMakeFiles/3.0.2/CompilerIdC/a.out"

Compiling the CXX compiler identification source file "CMakeCXXCompilerId.cpp" succeeded.
Compiler: /usr/bin/c++ 
Build flags: -Qunused-arguments;-pedantic;-fpic;-Wall;-Wpointer-arith;-Wwrite-strings;-Wsynth;-Wsign-compare;-Wswitch;-Wno-long-long;;;-Wno-dangling-else;-Wno-delete-non-virtual-dtor;-Wno-long-long;-Wno-newline-eof;-Wno-unused-function;-Wno-unused-private-field;-Wno-unused-variable;-std=c++11;-Wno-parentheses;-Wno-long-long
Id flags: 

The output was:
0


Compilation of the CXX compiler identification source "CMakeCXXCompilerId.cpp" produced "a.out"

The CXX compiler identification is AppleClang, found in "/Users/Kevin/Desktop/Deal/Different Solver/CMakeFiles/3.0.2/CompilerIdCXX/a.out"

Determining if the C compiler works passed with the following output:
Change Dir: /Users/Kevin/Desktop/Deal/Different Solver/CMakeFiles/CMakeTmp

Run Build Command:"/usr/bin/make" "cmTryCompileExec2664620725/fast"
/Applications/Xcode.app/Contents/Developer/usr/bin/make -f CMakeFiles/cmTryCompileExec2664620725.dir/build.make CMakeFiles/cmTryCompileExec2664620725.dir/build
/opt/local/bin/cmake -E cmake_progress_report "/Users/Kevin/Desktop/Deal/Different Solver/CMakeFiles/CMakeTmp/CMakeFiles" 1
Building C object CMakeFiles/cmTryCompileExec2664620725.dir/testCCompiler.c.o
/usr/bin/cc    -o CMakeFiles/cmTryCompileExec2664620725.dir/testCCompiler.c.o   -c "/Users/Kevin/Desktop/Deal/Different Solver/CMakeFiles/CMakeTmp/testCCompiler.c"
Linking C executable cmTryCompileExec2664620725
/opt/local/bin/cmake -E cmake_link_script CMakeFiles/cmTryCompileExec2664620725.dir/link.txt --verbose=1
/usr/bin/cc    -Wl,-search_paths_first -Wl,-headerpad_max_install_names   CMakeFiles/cmTryCompileExec2664620725.dir/testCCompiler.c.o  -o cmTryCompileExec2664620725  


Detecting C compiler ABI info compiled with the following output:
Change Dir: /Users/Kevin/Desktop/Deal/Different Solver/CMakeFiles/CMakeTmp

Run Build Command:"/usr/bin/make" "cmTryCompileExec272524904/fast"
/Applications/Xcode.app/Contents/Developer/usr/bin/make -f CMakeFiles/cmTryCompileExec272524904.dir/build.make CMakeFiles/cmTryCompileExec272524904.dir/build
/opt/local/bin/cmake -E cmake_progress_report "/Users/Kevin/Desktop/Deal/Different Solver/CMakeFiles/CMakeTmp/CMakeFiles" 1
Building C object CMakeFiles/cmTryCompileExec272524904.dir/CMakeCCompilerABI.c.o
/usr/bin/cc    -o CMakeFiles/cmTryCompileExec272524904.dir/CMakeCCompilerABI.c.o   -c /opt/local/share/cmake-3.0/Modules/CMakeCCompilerABI.c
Linking C executable cmTryCompileExec272524904
/opt/local/bin/cmake -E cmake_link_script CMakeFiles/cmTryCompileExec272524904.dir/link.txt --verbose=1
/usr/bin/cc    -Wl,-search_paths_first -Wl,-headerpad_max_install_names -v -Wl,-v CMakeFiles/cmTryCompileExec272524904.dir/CMakeCCompilerABI.c.o  -o cmTryCompileExec272524904   
Apple LLVM version 6.0 (clang-600.0.54) (based on LLVM 3.5svn)
Target: x86_64-apple-darwin13.4.0
Thread model: posix
 "/Applications/Xcode.app/Contents/Developer/Toolchains/XcodeDefault.xctoolchain/usr/bin/ld" -demangle -dynamic -arch x86_64 -macosx_version_min 10.9.0 -o cmTryCompileExec272524904 -search_paths_first -headerpad_max_install_names -v CMakeFiles/cmTryCompileExec272524904.dir/CMakeCCompilerABI.c.o -lSystem /Applications/Xcode.app/Contents/Developer/Toolchains/XcodeDefault.xctoolchain/usr/bin/../lib/clang/6.0/lib/darwin/libclang_rt.osx.a
@(#)PROGRAM:ld  PROJECT:ld64-241.9
configured to support archs: armv6 armv7 armv7s arm64 i386 x86_64 x86_64h armv6m armv7m armv7em
Library search paths:
	/usr/lib
	/usr/local/lib
Framework search paths:
	/Library/Frameworks/
	/System/Library/Frameworks/


Parsed C implicit link information from above output:
  link line regex: [^( *|.*[/\])(ld|([^/\]+-)?ld|collect2)[^/\]*( |$)]
  ignore line: [Change Dir: /Users/Kevin/Desktop/Deal/Different Solver/CMakeFiles/CMakeTmp]
  ignore line: []
  ignore line: [Run Build Command:"/usr/bin/make" "cmTryCompileExec272524904/fast"]
  ignore line: [/Applications/Xcode.app/Contents/Developer/usr/bin/make -f CMakeFiles/cmTryCompileExec272524904.dir/build.make CMakeFiles/cmTryCompileExec272524904.dir/build]
  ignore line: [/opt/local/bin/cmake -E cmake_progress_report "/Users/Kevin/Desktop/Deal/Different Solver/CMakeFiles/CMakeTmp/CMakeFiles" 1]
  ignore line: [Building C object CMakeFiles/cmTryCompileExec272524904.dir/CMakeCCompilerABI.c.o]
  ignore line: [/usr/bin/cc    -o CMakeFiles/cmTryCompileExec272524904.dir/CMakeCCompilerABI.c.o   -c /opt/local/share/cmake-3.0/Modules/CMakeCCompilerABI.c]
  ignore line: [Linking C executable cmTryCompileExec272524904]
  ignore line: [/opt/local/bin/cmake -E cmake_link_script CMakeFiles/cmTryCompileExec272524904.dir/link.txt --verbose=1]
  ignore line: [/usr/bin/cc    -Wl,-search_paths_first -Wl,-headerpad_max_install_names -v -Wl,-v CMakeFiles/cmTryCompileExec272524904.dir/CMakeCCompilerABI.c.o  -o cmTryCompileExec272524904   ]
  ignore line: [Apple LLVM version 6.0 (clang-600.0.54) (based on LLVM 3.5svn)]
  ignore line: [Target: x86_64-apple-darwin13.4.0]
  ignore line: [Thread model: posix]
  link line: [ "/Applications/Xcode.app/Contents/Developer/Toolchains/XcodeDefault.xctoolchain/usr/bin/ld" -demangle -dynamic -arch x86_64 -macosx_version_min 10.9.0 -o cmTryCompileExec272524904 -search_paths_first -headerpad_max_install_names -v CMakeFiles/cmTryCompileExec272524904.dir/CMakeCCompilerABI.c.o -lSystem /Applications/Xcode.app/Contents/Developer/Toolchains/XcodeDefault.xctoolchain/usr/bin/../lib/clang/6.0/lib/darwin/libclang_rt.osx.a]
    arg [/Applications/Xcode.app/Contents/Developer/Toolchains/XcodeDefault.xctoolchain/usr/bin/ld] ==> ignore
    arg [-demangle] ==> ignore
    arg [-dynamic] ==> ignore
    arg [-arch] ==> ignore
    arg [x86_64] ==> ignore
    arg [-macosx_version_min] ==> ignore
    arg [10.9.0] ==> ignore
    arg [-o] ==> ignore
    arg [cmTryCompileExec272524904] ==> ignore
    arg [-search_paths_first] ==> ignore
    arg [-headerpad_max_install_names] ==> ignore
    arg [-v] ==> ignore
    arg [CMakeFiles/cmTryCompileExec272524904.dir/CMakeCCompilerABI.c.o] ==> ignore
    arg [-lSystem] ==> lib [System]
    arg [/Applications/Xcode.app/Contents/Developer/Toolchains/XcodeDefault.xctoolchain/usr/bin/../lib/clang/6.0/lib/darwin/libclang_rt.osx.a] ==> lib [/Applications/Xcode.app/Contents/Developer/Toolchains/XcodeDefault.xctoolchain/usr/bin/../lib/clang/6.0/lib/darwin/libclang_rt.osx.a]
  Library search paths: [;/usr/lib;/usr/local/lib]
  Framework search paths: [;/Library/Frameworks/;/System/Library/Frameworks/]
  remove lib [System]
  collapse lib [/Applications/Xcode.app/Contents/Developer/Toolchains/XcodeDefault.xctoolchain/usr/bin/../lib/clang/6.0/lib/darwin/libclang_rt.osx.a] ==> [/Applications/Xcode.app/Contents/Developer/Toolchains/XcodeDefault.xctoolchain/usr/lib/clang/6.0/lib/darwin/libclang_rt.osx.a]
  collapse library dir [/usr/lib] ==> [/usr/lib]
  collapse library dir [/usr/local/lib] ==> [/usr/local/lib]
  collapse framework dir [/Library/Frameworks/] ==> [/Library/Frameworks]
  collapse framework dir [/System/Library/Frameworks/] ==> [/System/Library/Frameworks]
  implicit libs: [/Applications/Xcode.app/Contents/Developer/Toolchains/XcodeDefault.xctoolchain/usr/lib/clang/6.0/lib/darwin/libclang_rt.osx.a]
  implicit dirs: [/usr/lib;/usr/local/lib]
  implicit fwks: [/Library/Frameworks;/System/Library/Frameworks]


Determining if the CXX compiler works passed with the following output:
Change Dir: /Users/Kevin/Desktop/Deal/Different Solver/CMakeFiles/CMakeTmp

Run Build Command:"/usr/bin/make" "cmTryCompileExec4172932217/fast"
/Applications/Xcode.app/Contents/Developer/usr/bin/make -f CMakeFiles/cmTryCompileExec4172932217.dir/build.make CMakeFiles/cmTryCompileExec4172932217.dir/build
/opt/local/bin/cmake -E cmake_progress_report "/Users/Kevin/Desktop/Deal/Different Solver/CMakeFiles/CMakeTmp/CMakeFiles" 1
Building CXX object CMakeFiles/cmTryCompileExec4172932217.dir/testCXXCompiler.cxx.o
/usr/bin/c++    -Qunused-arguments -pedantic -fpic -Wall -Wpointer-arith -Wwrite-strings -Wsynth -Wsign-compare -Wswitch -Wno-long-long   -Wno-dangling-else -Wno-delete-non-virtual-dtor -Wno-long-long -Wno-newline-eof -Wno-unused-function -Wno-unused-private-field -Wno-unused-variable -std=c++11 -Wno-parentheses -Wno-long-long    -o CMakeFiles/cmTryCompileExec4172932217.dir/testCXXCompiler.cxx.o -c "/Users/Kevin/Desktop/Deal/Different Solver/CMakeFiles/CMakeTmp/testCXXCompiler.cxx"
Linking CXX executable cmTryCompileExec4172932217
/opt/local/bin/cmake -E cmake_link_script CMakeFiles/cmTryCompileExec4172932217.dir/link.txt --verbose=1
/usr/bin/c++   -Qunused-arguments -pedantic -fpic -Wall -Wpointer-arith -Wwrite-strings -Wsynth -Wsign-compare -Wswitch -Wno-long-long   -Wno-dangling-else -Wno-delete-non-virtual-dtor -Wno-long-long -Wno-newline-eof -Wno-unused-function -Wno-unused-private-field -Wno-unused-variable -std=c++11 -Wno-parentheses -Wno-long-long  -Wl,-search_paths_first -Wl,-headerpad_max_install_names   CMakeFiles/cmTryCompileExec4172932217.dir/testCXXCompiler.cxx.o  -o cmTryCompileExec4172932217  


Detecting CXX compiler ABI info compiled with the following output:
Change Dir: /Users/Kevin/Desktop/Deal/Different Solver/CMakeFiles/CMakeTmp

Run Build Command:"/usr/bin/make" "cmTryCompileExec540075741/fast"
/Applications/Xcode.app/Contents/Developer/usr/bin/make -f CMakeFiles/cmTryCompileExec540075741.dir/build.make CMakeFiles/cmTryCompileExec540075741.dir/build
/opt/local/bin/cmake -E cmake_progress_report "/Users/Kevin/Desktop/Deal/Different Solver/CMakeFiles/CMakeTmp/CMakeFiles" 1
Building CXX object CMakeFiles/cmTryCompileExec540075741.dir/CMakeCXXCompilerABI.cpp.o
/usr/bin/c++    -Qunused-arguments -pedantic -fpic -Wall -Wpointer-arith -Wwrite-strings -Wsynth -Wsign-compare -Wswitch -Wno-long-long   -Wno-dangling-else -Wno-delete-non-virtual-dtor -Wno-long-long -Wno-newline-eof -Wno-unused-function -Wno-unused-private-field -Wno-unused-variable -std=c++11 -Wno-parentheses -Wno-long-long    -o CMakeFiles/cmTryCompileExec540075741.dir/CMakeCXXCompilerABI.cpp.o -c /opt/local/share/cmake-3.0/Modules/CMakeCXXCompilerABI.cpp
Linking CXX executable cmTryCompileExec540075741
/opt/local/bin/cmake -E cmake_link_script CMakeFiles/cmTryCompileExec540075741.dir/link.txt --verbose=1
/usr/bin/c++   -Qunused-arguments -pedantic -fpic -Wall -Wpointer-arith -Wwrite-strings -Wsynth -Wsign-compare -Wswitch -Wno-long-long   -Wno-dangling-else -Wno-delete-non-virtual-dtor -Wno-long-long -Wno-newline-eof -Wno-unused-function -Wno-unused-private-field -Wno-unused-variable -std=c++11 -Wno-parentheses -Wno-long-long  -Wl,-search_paths_first -Wl,-headerpad_max_install_names -v -Wl,-v CMakeFiles/cmTryCompileExec540075741.dir/CMakeCXXCompilerABI.cpp.o  -o cmTryCompileExec540075741   
Apple LLVM version 6.0 (clang-600.0.54) (based on LLVM 3.5svn)
Target: x86_64-apple-darwin13.4.0
Thread model: posix
 "/Applications/Xcode.app/Contents/Developer/Toolchains/XcodeDefault.xctoolchain/usr/bin/ld" -demangle -dynamic -arch x86_64 -macosx_version_min 10.9.0 -o cmTryCompileExec540075741 -search_paths_first -headerpad_max_install_names -v CMakeFiles/cmTryCompileExec540075741.dir/CMakeCXXCompilerABI.cpp.o -lc++ -lSystem /Applications/Xcode.app/Contents/Developer/Toolchains/XcodeDefault.xctoolchain/usr/bin/../lib/clang/6.0/lib/darwin/libclang_rt.osx.a
@(#)PROGRAM:ld  PROJECT:ld64-241.9
configured to support archs: armv6 armv7 armv7s arm64 i386 x86_64 x86_64h armv6m armv7m armv7em
Library search paths:
	/usr/lib
	/usr/local/lib
Framework search paths:
	/Library/Frameworks/
	/System/Library/Frameworks/


Parsed CXX implicit link information from above output:
  link line regex: [^( *|.*[/\])(ld|([^/\]+-)?ld|collect2)[^/\]*( |$)]
  ignore line: [Change Dir: /Users/Kevin/Desktop/Deal/Different Solver/CMakeFiles/CMakeTmp]
  ignore line: []
  ignore line: [Run Build Command:"/usr/bin/make" "cmTryCompileExec540075741/fast"]
  ignore line: [/Applications/Xcode.app/Contents/Developer/usr/bin/make -f CMakeFiles/cmTryCompileExec540075741.dir/build.make CMakeFiles/cmTryCompileExec540075741.dir/build]
  ignore line: [/opt/local/bin/cmake -E cmake_progress_report "/Users/Kevin/Desktop/Deal/Different Solver/CMakeFiles/CMakeTmp/CMakeFiles" 1]
  ignore line: [Building CXX object CMakeFiles/cmTryCompileExec540075741.dir/CMakeCXXCompilerABI.cpp.o]
  ignore line: [/usr/bin/c++    -Qunused-arguments -pedantic -fpic -Wall -Wpointer-arith -Wwrite-strings -Wsynth -Wsign-compare -Wswitch -Wno-long-long   -Wno-dangling-else -Wno-delete-non-virtual-dtor -Wno-long-long -Wno-newline-eof -Wno-unused-function -Wno-unused-private-field -Wno-unused-variable -std=c++11 -Wno-parentheses -Wno-long-long    -o CMakeFiles/cmTryCompileExec540075741.dir/CMakeCXXCompilerABI.cpp.o -c /opt/local/share/cmake-3.0/Modules/CMakeCXXCompilerABI.cpp]
  ignore line: [Linking CXX executable cmTryCompileExec540075741]
  ignore line: [/opt/local/bin/cmake -E cmake_link_script CMakeFiles/cmTryCompileExec540075741.dir/link.txt --verbose=1]
  ignore line: [/usr/bin/c++   -Qunused-arguments -pedantic -fpic -Wall -Wpointer-arith -Wwrite-strings -Wsynth -Wsign-compare -Wswitch -Wno-long-long   -Wno-dangling-else -Wno-delete-non-virtual-dtor -Wno-long-long -Wno-newline-eof -Wno-unused-function -Wno-unused-private-field -Wno-unused-variable -std=c++11 -Wno-parentheses -Wno-long-long  -Wl,-search_paths_first -Wl,-headerpad_max_install_names -v -Wl,-v CMakeFiles/cmTryCompileExec540075741.dir/CMakeCXXCompilerABI.cpp.o  -o cmTryCompileExec540075741   ]
  ignore line: [Apple LLVM version 6.0 (clang-600.0.54) (based on LLVM 3.5svn)]
  ignore line: [Target: x86_64-apple-darwin13.4.0]
  ignore line: [Thread model: posix]
  link line: [ "/Applications/Xcode.app/Contents/Developer/Toolchains/XcodeDefault.xctoolchain/usr/bin/ld" -demangle -dynamic -arch x86_64 -macosx_version_min 10.9.0 -o cmTryCompileExec540075741 -search_paths_first -headerpad_max_install_names -v CMakeFiles/cmTryCompileExec540075741.dir/CMakeCXXCompilerABI.cpp.o -lc++ -lSystem /Applications/Xcode.app/Contents/Developer/Toolchains/XcodeDefault.xctoolchain/usr/bin/../lib/clang/6.0/lib/darwin/libclang_rt.osx.a]
    arg [/Applications/Xcode.app/Contents/Developer/Toolchains/XcodeDefault.xctoolchain/usr/bin/ld] ==> ignore
    arg [-demangle] ==> ignore
    arg [-dynamic] ==> ignore
    arg [-arch] ==> ignore
    arg [x86_64] ==> ignore
    arg [-macosx_version_min] ==> ignore
    arg [10.9.0] ==> ignore
    arg [-o] ==> ignore
    arg [cmTryCompileExec540075741] ==> ignore
    arg [-search_paths_first] ==> ignore
    arg [-headerpad_max_install_names] ==> ignore
    arg [-v] ==> ignore
    arg [CMakeFiles/cmTryCompileExec540075741.dir/CMakeCXXCompilerABI.cpp.o] ==> ignore
    arg [-lc++] ==> lib [c++]
    arg [-lSystem] ==> lib [System]
    arg [/Applications/Xcode.app/Contents/Developer/Toolchains/XcodeDefault.xctoolchain/usr/bin/../lib/clang/6.0/lib/darwin/libclang_rt.osx.a] ==> lib [/Applications/Xcode.app/Contents/Developer/Toolchains/XcodeDefault.xctoolchain/usr/bin/../lib/clang/6.0/lib/darwin/libclang_rt.osx.a]
  Library search paths: [;/usr/lib;/usr/local/lib]
  Framework search paths: [;/Library/Frameworks/;/System/Library/Frameworks/]
  remove lib [System]
  collapse lib [/Applications/Xcode.app/Contents/Developer/Toolchains/XcodeDefault.xctoolchain/usr/bin/../lib/clang/6.0/lib/darwin/libclang_rt.osx.a] ==> [/Applications/Xcode.app/Contents/Developer/Toolchains/XcodeDefault.xctoolchain/usr/lib/clang/6.0/lib/darwin/libclang_rt.osx.a]
  collapse library dir [/usr/lib] ==> [/usr/lib]
  collapse library dir [/usr/local/lib] ==> [/usr/local/lib]
  collapse framework dir [/Library/Frameworks/] ==> [/Library/Frameworks]
  collapse framework dir [/System/Library/Frameworks/] ==> [/System/Library/Frameworks]
  implicit libs: [c++;/Applications/Xcode.app/Contents/Developer/Toolchains/XcodeDefault.xctoolchain/usr/lib/clang/6.0/lib/darwin/libclang_rt.osx.a]
  implicit dirs: [/usr/lib;/usr/local/lib]
  implicit fwks: [/Library/Frameworks;/System/Library/Frameworks]


